<?xml version="1.0" encoding="UTF-8"?>
<testng-results skipped="0" failed="0" total="1" passed="1">
  <reporter-output>
  </reporter-output>
  <suite name="Default suite" duration-ms="21305" started-at="2016-09-06T22:57:38Z" finished-at="2016-09-06T22:57:59Z">
    <groups>
    </groups>
    <test name="Default test" duration-ms="21305" started-at="2016-09-06T22:57:38Z" finished-at="2016-09-06T22:57:59Z">
      <class name="TestSuite1.RanorexTestCase">
        <test-method status="PASS" signature="setUp()[pri:0, instance:TestSuite1.RanorexTestCase@1753acfe]" name="setUp" is-config="true" duration-ms="4844" started-at="2016-09-06T15:57:38Z" finished-at="2016-09-06T15:57:42Z">
          <reporter-output>
          </reporter-output>
        </test-method> <!-- setUp -->
        <test-method status="PASS" signature="testRanorexTestCase()[pri:0, instance:TestSuite1.RanorexTestCase@1753acfe]" name="testRanorexTestCase" duration-ms="15417" started-at="2016-09-06T15:57:42Z" finished-at="2016-09-06T15:57:58Z">
          <reporter-output>
          </reporter-output>
        </test-method> <!-- testRanorexTestCase -->
        <test-method status="PASS" signature="tearDown()[pri:0, instance:TestSuite1.RanorexTestCase@1753acfe]" name="tearDown" is-config="true" duration-ms="1032" started-at="2016-09-06T15:57:58Z" finished-at="2016-09-06T15:57:59Z">
          <reporter-output>
          </reporter-output>
        </test-method> <!-- tearDown -->
      </class> <!-- TestSuite1.RanorexTestCase -->
    </test> <!-- Default test -->
  </suite> <!-- Default suite -->
</testng-results>
