<?xml version="1.0" encoding="UTF-8"?>
<testng-results skipped="0" failed="1" total="4" passed="3">
  <reporter-output>
  </reporter-output>
  <suite name="Suite" duration-ms="120091" started-at="2016-08-29T20:44:40Z" finished-at="2016-08-29T20:46:40Z">
    <groups>
    </groups>
    <test name="Test" duration-ms="120091" started-at="2016-08-29T20:44:40Z" finished-at="2016-08-29T20:46:40Z">
      <class name="TestSuite1.StartBrowserWithParameter">
        <test-method status="PASS" signature="beforeTest()[pri:0, instance:TestSuite1.StartBrowserWithParameter@2d554825]" name="beforeTest" is-config="true" duration-ms="3931" started-at="2016-08-29T13:44:40Z" finished-at="2016-08-29T13:44:44Z">
          <reporter-output>
          </reporter-output>
        </test-method> <!-- beforeTest -->
        <test-method status="PASS" signature="dataProviderTest(int, java.lang.String)[pri:0, instance:TestSuite1.StartBrowserWithParameter@2d554825]" name="dataProviderTest" duration-ms="1" started-at="2016-08-29T13:44:44Z" data-provider="input2baiduSearch" finished-at="2016-08-29T13:44:44Z">
          <params>
            <param index="0">
              <value>
                <![CDATA[5]]>
              </value>
            </param>
            <param index="1">
              <value>
                <![CDATA[five]]>
              </value>
            </param>
          </params>
          <reporter-output>
          </reporter-output>
        </test-method> <!-- dataProviderTest -->
        <test-method status="PASS" signature="dataProviderTest(int, java.lang.String)[pri:0, instance:TestSuite1.StartBrowserWithParameter@2d554825]" name="dataProviderTest" duration-ms="0" started-at="2016-08-29T13:44:44Z" data-provider="input2baiduSearch" finished-at="2016-08-29T13:44:44Z">
          <params>
            <param index="0">
              <value>
                <![CDATA[6]]>
              </value>
            </param>
            <param index="1">
              <value>
                <![CDATA[six]]>
              </value>
            </param>
          </params>
          <reporter-output>
          </reporter-output>
        </test-method> <!-- dataProviderTest -->
        <test-method status="FAIL" signature="testEasy()[pri:0, instance:TestSuite1.StartBrowserWithParameter@2d554825]" name="testEasy" duration-ms="112389" started-at="2016-08-29T13:44:44Z" finished-at="2016-08-29T13:46:36Z">
          <exception class="org.openqa.selenium.NoSuchElementException">
            <message>
              <![CDATA[no such element: Unable to locate element: {"method":"xpath","selector":"//a[contains(text(),'企业采购')]"}
  (Session info: chrome=52.0.2743.116)
  (Driver info: chromedriver=2.23.409699 (49b0fa931cda1caad0ae15b7d1b68004acd05129),platform=Windows NT 10.0.10586 x86_64) (WARNING: The server did not provide any stacktrace information)
Command duration or timeout: 10.05 seconds
For documentation on this error, please visit: http://seleniumhq.org/exceptions/no_such_element.html
Build info: version: 'unknown', revision: '31c43c8', time: '2016-08-02 21:57:56 -0700'
System info: host: 'PQA-0327LT', ip: '10.16.17.126', os.name: 'Windows 10', os.arch: 'amd64', os.version: '10.0', java.version: '1.8.0_91'
Driver info: org.openqa.selenium.chrome.ChromeDriver
Capabilities [{applicationCacheEnabled=false, rotatable=false, mobileEmulationEnabled=false, networkConnectionEnabled=false, chrome={chromedriverVersion=2.23.409699 (49b0fa931cda1caad0ae15b7d1b68004acd05129), userDataDir=C:\Users\hzhang\AppData\Local\Temp\scoped_dir3948_28098}, takesHeapSnapshot=true, databaseEnabled=false, handlesAlerts=true, hasTouchScreen=false, version=52.0.2743.116, platform=XP, browserConnectionEnabled=false, nativeEvents=true, acceptSslCerts=true, locationContextEnabled=true, webStorageEnabled=true, browserName=chrome, takesScreenshot=true, javascriptEnabled=true, cssSelectorsEnabled=true}]
Session ID: 7943ab0e138fa674fefcb4d282bb7601
*** Element info: {Using=xpath, value=//a[contains(text(),'企业采购')]}]]>
            </message>
            <full-stacktrace>
              <![CDATA[org.openqa.selenium.NoSuchElementException: no such element: Unable to locate element: {"method":"xpath","selector":"//a[contains(text(),'企业采购')]"}
  (Session info: chrome=52.0.2743.116)
  (Driver info: chromedriver=2.23.409699 (49b0fa931cda1caad0ae15b7d1b68004acd05129),platform=Windows NT 10.0.10586 x86_64) (WARNING: The server did not provide any stacktrace information)
Command duration or timeout: 10.05 seconds
For documentation on this error, please visit: http://seleniumhq.org/exceptions/no_such_element.html
Build info: version: 'unknown', revision: '31c43c8', time: '2016-08-02 21:57:56 -0700'
System info: host: 'PQA-0327LT', ip: '10.16.17.126', os.name: 'Windows 10', os.arch: 'amd64', os.version: '10.0', java.version: '1.8.0_91'
Driver info: org.openqa.selenium.chrome.ChromeDriver
Capabilities [{applicationCacheEnabled=false, rotatable=false, mobileEmulationEnabled=false, networkConnectionEnabled=false, chrome={chromedriverVersion=2.23.409699 (49b0fa931cda1caad0ae15b7d1b68004acd05129), userDataDir=C:\Users\hzhang\AppData\Local\Temp\scoped_dir3948_28098}, takesHeapSnapshot=true, databaseEnabled=false, handlesAlerts=true, hasTouchScreen=false, version=52.0.2743.116, platform=XP, browserConnectionEnabled=false, nativeEvents=true, acceptSslCerts=true, locationContextEnabled=true, webStorageEnabled=true, browserName=chrome, takesScreenshot=true, javascriptEnabled=true, cssSelectorsEnabled=true}]
Session ID: 7943ab0e138fa674fefcb4d282bb7601
*** Element info: {Using=xpath, value=//a[contains(text(),'企业采购')]}
	at sun.reflect.NativeConstructorAccessorImpl.newInstance0(Native Method)
	at sun.reflect.NativeConstructorAccessorImpl.newInstance(Unknown Source)
	at sun.reflect.DelegatingConstructorAccessorImpl.newInstance(Unknown Source)
	at java.lang.reflect.Constructor.newInstance(Unknown Source)
	at org.openqa.selenium.remote.ErrorHandler.createThrowable(ErrorHandler.java:206)
	at org.openqa.selenium.remote.ErrorHandler.throwIfResponseFailed(ErrorHandler.java:158)
	at org.openqa.selenium.remote.RemoteWebDriver.execute(RemoteWebDriver.java:683)
	at org.openqa.selenium.remote.RemoteWebDriver.findElement(RemoteWebDriver.java:377)
	at org.openqa.selenium.remote.RemoteWebDriver.findElementByXPath(RemoteWebDriver.java:506)
	at org.openqa.selenium.By$ByXPath.findElement(By.java:361)
	at org.openqa.selenium.remote.RemoteWebDriver.findElement(RemoteWebDriver.java:369)
	at PageObjects.Wait.waitElementToBeDisplayed(Wait.java:107)
	at PageObjects.ElementsRepositoryAction.getLocator(ElementsRepositoryAction.java:124)
	at PageObjects.ElementsRepositoryAction.getElement(ElementsRepositoryAction.java:92)
	at TestSuite1.StartBrowserWithParameter.initWebElements(StartBrowserWithParameter.java:84)
	at TestSuite1.StartBrowserWithParameter.testEasy(StartBrowserWithParameter.java:40)
	at sun.reflect.NativeMethodAccessorImpl.invoke0(Native Method)
	at sun.reflect.NativeMethodAccessorImpl.invoke(Unknown Source)
	at sun.reflect.DelegatingMethodAccessorImpl.invoke(Unknown Source)
	at java.lang.reflect.Method.invoke(Unknown Source)
	at org.testng.internal.MethodInvocationHelper.invokeMethod(MethodInvocationHelper.java:80)
	at org.testng.internal.Invoker.invokeMethod(Invoker.java:714)
	at org.testng.internal.Invoker.invokeTestMethod(Invoker.java:901)
	at org.testng.internal.Invoker.invokeTestMethods(Invoker.java:1231)
	at org.testng.internal.TestMethodWorker.invokeTestMethods(TestMethodWorker.java:127)
	at org.testng.internal.TestMethodWorker.run(TestMethodWorker.java:111)
	at java.util.concurrent.ThreadPoolExecutor.runWorker(Unknown Source)
	at java.util.concurrent.ThreadPoolExecutor$Worker.run(Unknown Source)
	at java.lang.Thread.run(Unknown Source)
]]>
            </full-stacktrace>
          </exception> <!-- org.openqa.selenium.NoSuchElementException -->
          <reporter-output>
          </reporter-output>
        </test-method> <!-- testEasy -->
        <test-method status="PASS" signature="afterTest()[pri:0, instance:TestSuite1.StartBrowserWithParameter@2d554825]" name="afterTest" is-config="true" duration-ms="2310" started-at="2016-08-29T13:46:38Z" finished-at="2016-08-29T13:46:40Z">
          <reporter-output>
          </reporter-output>
        </test-method> <!-- afterTest -->
      </class> <!-- TestSuite1.StartBrowserWithParameter -->
      <class name="TestSuite1.RanorexTestCase">
        <test-method status="PASS" signature="setUp()[pri:0, instance:TestSuite1.RanorexTestCase@735f7ae5]" name="setUp" is-config="true" duration-ms="2867" started-at="2016-08-29T13:44:44Z" finished-at="2016-08-29T13:44:47Z">
          <reporter-output>
          </reporter-output>
        </test-method> <!-- setUp -->
        <test-method status="PASS" signature="testRanorexTestCase()[pri:0, instance:TestSuite1.RanorexTestCase@735f7ae5]" name="testRanorexTestCase" duration-ms="109981" started-at="2016-08-29T13:44:47Z" finished-at="2016-08-29T13:46:37Z">
          <reporter-output>
          </reporter-output>
        </test-method> <!-- testRanorexTestCase -->
        <test-method status="PASS" signature="tearDown()[pri:0, instance:TestSuite1.RanorexTestCase@735f7ae5]" name="tearDown" is-config="true" duration-ms="995" started-at="2016-08-29T13:46:37Z" finished-at="2016-08-29T13:46:38Z">
          <reporter-output>
          </reporter-output>
        </test-method> <!-- tearDown -->
      </class> <!-- TestSuite1.RanorexTestCase -->
    </test> <!-- Test -->
  </suite> <!-- Suite -->
</testng-results>
